[   .000000] Linux versio4.5.0-65-geneic (uildd@lgw01-amd64-006) (gcc version 7.0 Ubuntu7..01ubunntu1~18.04.1)) #74-Ubuntu SMP Tue Sep 17 17:06:04 UTC 2019 (Ubuntu 4.15.0-65.74-generi 4.15.18)
[    0.000000] Command line: BOOT_IMAE=boot/vinz-4.15.0-65-generic root=LABEL=cloudimg-rootfs ro console=tty1 console=ttyS0
[    0.000000] KERNEL supported cpus:
[    0.000000]   Intel GenuineIntel
[    0.000000]   AMD AuthenticAMD
[    0.000000]   Centaur CentaurHauls
[    0.000000] x86/fpu: Supporting XSAVE feature 0x001: 'x87 floating point registers'
[    0.000000] x86/fpu: Supporting XSAVE feature 0x002: 'SSE registers'
[    0.000000] x86/fpu: Supporting XSAVE feature 0x004: 'AVX registers'
[    0.000000] x86/fpu: xstate_offset[2]:  576, xstate_sizes[2]:  256
[    0.000000] x86/fpu: Enabled xstatefetues 0x7, onxt size is32bytes, using 'anard' forat.
[   0.000000] e820: BIOS-provided physical RAM map:
[    0.000000] BIOS-e820: [mem 0x0000000000000000-0x000000000009fbff] usable
[    0.000000] BIOS-e820: [mem 0x000000000009fc00-0x0000000009ffff]reservd
[    0.000000] BIOS-e820: [mem 0x00000000000f0000-0x00000000000fffff] reserved
[    0.000000] BIOS-e820: [mem 0x0000000000100000-000000003ffeff usable
[    0.0000] BIOe80: [me0x00000000ff000--0x00000003fffffff] ACPI data
[    0.000000] BIOS-e820: [mem 0x00000000fec00000-0x0000000fec00fff]reservd
[    0.000000] BIOS-e820: [mem 0x00000000fee00000-0x00000000fee00fff] reserved
[    0.000000] BIOS-e820: [mem 0x00000000fffc0000-0x00000000ffffffff] reserved
[    0.000000] NX (Execute Disable) protection: active
[    0.000000] SMBIOS 2.5 present.
[    0.000000] DMI: innotek GmbH VirtualBox/VirtualBox, BIOS VirtuaBox 12/01/2006
[    0.000000] Hypervisor detected: KVM
[    0.000000] e820: last_pfn = 0x3fff0 max_arch_pfn = 0x400000000
[    0.000000] MTRR: Disabled
[    0.000000] x8/PAT: MTRRs disabled, skippingPA initialization too.
[   0.0000 CPU MTRRs llblnk - virtualized system.
[    0.000000] x86/PAT: Configuration [0-7]: WB WT U- UC  WB  WT  UC- UC  
[    0.000000] found SMP MP-table at [mem 0x0009fff0-0x0009ffff]
[    0.000000] Scanning 1 areas for low memory corruption
[    0.000000] RAMDISK: [mem 0x35977000-0x36cb2fff]
[    0.000000] ACPI: Early table checksum verification disabled
[    0.000000] ACPI: RSDP 0x0000000000E0000 000024 (2 BOX  )    0.0000 ACPI: SD 0000000003FF03 00003(v1 VBOX   VBOXXT 0000001 ASL  00000061)
[   0.000000] ACPI: FCP 0x000000003FFF00F0 0000F4 (v04 VBOX   VBOXFACP 00000001 ASL  00000061)
[    0.000000] ACPI: DSDT 0x000000003FFF0470 0021FF (v02 VOX VBOXBIOS 00000002IN 20100528)
[    0.000000] CPI: FACS 000000003FFF0200 000040
[    0.000000] ACPI: FACS 0x000000003FFF0200 000040
[    0.000000] ACPI: APIC 0x000000003FFF0240 00005C (v02 VBOX   VBOXAPIC 00000001 ASL  00000061)
[    0.000000] ACPI: SSDT 0x000000003FFF02A0 0001CC (v01 VBOX   VBOXCPUT 00000002 INTL 20100528)
[    0.000000] No NUMA configuration found
[    0.000000] Faking a node at [mem 0x0000000000000000-0x000000003ffeffff]
[    0.000000] NODE_DATA(0) allocated [mem 0x3ffc5000-0x3ffeffff]
[    0.000000] kvm-clock: cpu 0, msr 0:3ff44001, primary cpu clock
[    0.000000] kvm-clock: Using msrs 4b564d01 and 4b564d00
[    0.000000] kvm-clock: using sched offset of 4173610402 cycles
[    0.000000] clocksource: kvm-clock: mask: 0xffffffffffffffff max_cycles: 0x1d42e4dffb, max_idle_ns: 881590591483 ns
[    0.000000] Zone ranges:
[    0.000000]   DMA      [mem 0x00000000001000-0x00000000ffffff]
[   0.00000   DMA3    [mem 000000001000000-0x000003ffeff]
[    000000]  Normal   empty
   0.00000  Device   emy
[  0.00000] vale zonestt for each node
[    0.000000] Early memory node ranges
[    0.000000]   node   0: [mem 0x0000000000001000-0x000000000009efff]
[    0.000000]   node   0: [mem 0x0000000000100000-0x0000000003ffeffff]
[    0.000000] Reserved but unavailable: 98 pages
[    0.000000] Initmem setp node 0 mem 0x0000000000001000-0x000000003ffeffff]
[    0.000000] ACPI: PM-Timer IO Port: 0x4008
[    0.000000] IOAPIC[0]: apic_id 2, version 32, address 0xfec00000, GSI 0-23
[    0.000000] ACPI: INT_SRC_OVR (bus 0 bus_irq 0 global_irq 2 dfl dfl)
[    0.000000] ACPI: INT_SRC_OVR (bus 0 bus_irq 9 global_irq 9 low level)
[    0.000000] Using ACPI (MADT) for SMP configuration information
[    0.000000] smpboot: Allowing 2 CPUs, 0 hotplug CPUs
[    0.000000] PM: Registered nosave memory: [mem 0x00000000-0x00000fff]
    0.000000] PM: Registered nosave memory: [mem 0x0009f000-0x0009ffff]
[    0.000000] PM: Registered nosave memory: [mem 0x000a0000-0x000effff]
[    0.000000] PM: Registered nosave memory: [mem 0x000f0000-0x000fffff]
[    0.000000] e820: [mem 0x40000000-0xfebfffff] available for PCI devices
[    0.000000] Booting pavirtuized erne o KM
[    0.000000] clocksource: refined-jiffies: mask: 0xffffffff max_cycles: 0xffffffff, max_idle_ns: 7645519600211568 ns
[    0.000000] random: get_random_bytes cale from start_kernel+0x99/0x4fd with crng_init=0
[    0.000000] setup_percpu: NR_CPUS:8192 nr_cpumask_bits:2 nr_cpu_ids:2 nr_node_ids:1
[    0.000000] percpu: Embedded 46 pages/cpu s151552 r8192 d28672 u1048576
[   0.000000] PV qspinlock hash table entries: 256 (order: 0, 4096 bytes)
[    0.000000] Built 1 zonelits mobility grouping on.  Total pages: 257913
[    0.000000] Policy zone: DMA32
[    0.000000] Kerelcommanlie: BOOT_IGE/boot/vmlinuz-4.15.0-65-generic root=LABEL=cloudimg-rootfs ro console=tty1 console=ttyS0
[    0.000000] Memory: 982884K/1048120K avlable 230K kerelode, 2481K rwdata, 425K rodata, 36K in, 388K bss, 656Kreserved, 0K c-rserved)
[    0.000000] SLUB: HWalign=64, Order=0-3, MinObjects=0, CPUs=2, Nodes=1
[    0.000000] Kenel/User pae abes isolation: enaed
[    0.000000] ftrace: alloctig 9301 entries in 4 pages
[    0.004000]HierarhialRCU implementation.
[    0.004000] 	RCU restricting CPUs from NR_CPUS=8192 to nr_cpu_ids=2.
[    0.004000] 	Tasks RCU enabled.
[    0.004000] RCU: Adjusting geometry for rcu_fanout_leaf=16, nr_cpu_ids=2
[    0.004000] NR_IRQS: 524544, nr_irqs: 440, preallocated irqs: 16
[    0.004000] Console: colour VGA+ 80x25
[    0.004000] console [tty1] enabled
[    0.004000] console [ttyS0] enabled
[    0.004000] ACPI: Cre revision 20170831
[    0.004000] ACPI: 2 ACPIAML tables successfully acquired ad loaded
[   .04000] APIC: Switch to symmetric I/O mode setup
[    0.004329] x2apic enabled
[    0.005863] Switched APIC routing to physical x2apic.
[    0.012820] ..TIMER: vector=0x30 apic1=0 pin1=2 apic2=-1 pin2=-1
[    0.016003] tsc: Detected 1608.000 MHz processor
[    0.020012] Calibrating delay loop (skipped) preset value.. 3216.00 BogoMIPS (lpj=6432000)
[    0.024009] pid_max: default: 32768 minimum: 301
[    0.028043] Security Framework initialized
[    0.032003] Yama: becoming mindful.
[    0.036025] AppArmor: AppArmor initialized
[    0.044054] Dentry cache hash table entries: 131072 (order: 8, 1048576 bytes)
[    0.048087] Inode-cache hash table entries: 65536 (order: 7, 524288 bytes)
[    0.052019] Mount-cache hash table entries: 2048 (order: 2, 16384 bytes)
[    0.056020] Mountpoint-cache hash table entries: 2048 (order: 2, 16384 bytes)
[    0.060236] Last level iTLB entries: 4KB 64, 2MB 8, 4MB 8
[    0.064005] Last level dTLB entries: 4KB 64, 2MB 0, 4MB 0, 1GB 4
[    0.068017] Spectre V1 : Mitigation: usercopy/swapgs barriers and __user pointer sanitization
[    0.072004] Spectre V2 : Mitigation: Full generic retpoline
[    0.076003] Spectre V2 : Spectre v2 / SpectreRSB mitigation: Filling RSB on context switch
[    0.080004] Speculative Store Bypass: Vulnerable
[    0.084043] MDS: Vulnerable: Clear CPU buffers attempted, no microcode
[    0.088238] Freeing SMP alternatives memory: 36K
[    0.204105] smpboot: CPU0: Intel(R) Core(TM) i5-8210Y CPU @ 1.60GHz (family: 0x6, model: 0x8e, stepping: 0x9)
[    0.208094] Performance Events: unsupported p6 CPU model 142 no PMU driver, software events only.
[    0.212057] Hierarchical SRCU implementation.
[    0.216273] NMI watchdog: Perf event create on CPU 0 failed with -2
[    0.220003] NMI watchdog: Perf NMI watchdog permanently disabled
[    0.224067] smp: Bringing up secondary CPUs ...
[    0.228085] x86: Booting SMP configuration:
[    0.232003] .... node  #0, CPUs:      #1
[    0.004000] kvm-clock: cpu 1, msr 0:3ff44041, secondary cpu clock
[    0.236021] smp: Brought up 1 node, 2 CPUs
[    0.240005] smpboot: Max logical packages: 1
[    0.244005] smpboot: Total of 2 processors activated (6432.00 BogoMIPS)
[    0.248157] devtmpfs: initialized
[    0.252054] x86/mm: Memory block size: 128MB
[    0.256130] evm: security.selinux
[    0.260003] evm: security.SMACK64
[    0.264002] evm: security.SMACK64EXEC
[    0.268002] evm: security.SMACK64TRANSMUTE
[    0.272007] evm: security.SMACK64MMAP
[    0.276001] evm: security.apparmor
[    0.280004] evm: security.ima
[    0.280935] evm: security.capability
[    0.284105] clocksource: jiffies: mask: 0xffffffff max_cycles: 0xffffffff, max_idle_ns: 7645041785100000 ns
[    0.288009] futex hash table entries: 512 (order: 3, 32768 bytes)
[    0.293621] pinctrl core: initialized pinctrl subsystem
[    0.296129] RTC time:  8:19:16, date: 11/12/19
[    0.300207] NET: Registered protocol family 16
[    0.304069] audit: initializing netlink subsys (disabled)
[    0.308038] audit: type=2000 audit(1573546756.539:1): state=initialized audit_enabled=0 res=1
[    0.444026] cpuidle: using governor ladder
[    0.448011] cpuidle: using governor menu
[    0.452062] ACPI: bus type PCI registered
[    0.456004] acpiphp: ACPI Hot Plug PCI Controller Driver version: 0.5
[    0.460131] PCI: Using configuration type 1 for base access
[    0.468070] HugeTLB registered 2.00 MiB page size, pre-allocated 0 pages
[    0.472123] ACPI: Added _OSI(Module Device)
[    0.476009] ACPI: Added _OSI(Processor Device)
[    0.480017] ACPI: Added _OSI(3.0 _SCP Extensions)
[    0.484003] ACPI: Added _OSI(Processor Aggregator Device)
[    0.488007] ACPI: Added _OSI(Linux-Dell-Video)
[    0.492003] ACPI: Added _OSI(Linux-Lenovo-NV-HDMI-Audio)
[    0.496004] ACPI: Added _OSI(Linux-HPI-Hybrid-Graphics)
[    0.504387] ACPI: Executed 1 blocks of module-level executable AML code
[    0.509646] ACPI: Interpreter enabled
[    0.510614] ACPI: (supports S0 S5)
[    0.511433] ACPI: Using IOAPIC for interrupt routing
[    0.512232] PCI: Using host bridge windows from ACPI; if necessary, use "pci=nocrs" and report a bug
[    0.514545] ACPI: Enabled 2 GPEs in block 00 to 07
[    0.524291] ACPI: PCI Root Bridge [PCI0] (domain 0000 [bus 00-ff])
[    0.528039] acpi PNP0A03:00: _OSC: OS supports [ASPM ClockPM Segments MSI]
[    0.532113] acpi PNP0A03:00: _OSC: not requesting OS control; OS requires [ExtendedConfig ASPM ClockPM MSI]
[    0.536020] acpi PNP0A03:00: fail to add MMCONFIG information, can't access extended PCI configuration space under this bridge.
[    0.541589] PCI host bridge to bus 0000:00
[    0.544006] pci_bus 0000:00: root bus resource [io  0x0000-0x0cf7 window]
[    0.548006] pci_bus 0000:00: root bus resource [io  0x0d00-0xffff window]
[    0.552006] pci_bus 0000:00: root bus resource [mem 0x000a0000-0x000bffff window]
[    0.556006] pci_bus 0000:00: root bus resource [mem 0x40000000-0xfdffffff window]
[    0.560006] pci_bus 0000:00: root bus resource [bus 00-ff]
[    0.569229] pci 0000:00:01.1: legacy IDE quirk: reg 0x10: [io  0x01f0-0x01f7]
[    0.572005] pci 0000:00:01.1: legacy IDE quirk: reg 0x14: [io  0x03f6]
[    0.576012] pci 0000:00:01.1: legacy IDE quirk: reg 0x18: [io  0x0170-0x0177]
[    0.580010] pci 0000:00:01.1: legacy IDE quirk: reg 0x1c: [io  0x0376]
[    0.602997] pci 0000:00:07.0: quirk: [io  0x4000-0x403f] claimed by PIIX4 ACPI
[    0.604022] pci 0000:00:07.0: quirk: [io  0x4100-0x410f] claimed by PIIX4 SMB
[    0.621255] ACPI: PCI Interrupt Link [LNKA] (IRQs 5 9 10 *11)
[    0.624286] ACPI: PCI Interrupt Link [LNKB] (IRQs 5 9 *10 11)
[    0.628128] ACPI: PCI Interrupt Link [LNKC] (IRQs 5 *9 10 11)
[    0.632135] ACPI: PCI Interrupt Link [LNKD] (IRQs 5 9 10 *11)
[    0.636447] SCSI subsystem initialized
[    0.640060] pci 0000:00:02.0: vgaarb: setting as boot VGA device
[    0.644000] pci 0000:00:02.0: vgaarb: VGA device added: decodes=io+mem,owns=io+mem,locks=none
[    0.644012] pci 0000:00:02.0: vgaarb: bridge control possible
[    0.648003] vgaarb: loaded
[    0.652054] ACPI: bus type USB registered
[    0.656029] usbcore: registered new interface driver usbfs
[    0.660012] usbcore: registered new interface driver hub
[    0.664039] usbcore: registered new device driver usb
[    0.668124] EDAC MC: Ver: 3.0.0
[    0.672358] PCI: Using ACPI for IRQ routing
[    0.676330] NetLabel: Initializing
[    0.680003] NetLabel:  domain hash size = 128
[    0.684002] NetLabel:  protocols = UNLABELED CIPSOv4 CALIPSO
[    0.688021] NetLabel:  unlabeled traffic allowed by default
[    0.692106] clocksource: Switched to clocksource kvm-clock
[    0.738447] VFS: Disk quoasdqot6.6.0
[    0.831909] VFS: Dquot-cache hash table entries: 512 (order 0, 4096 bytes)
[   .8409]Aprmr: AppArmor Filesystem Enabled
[    1.007218] pnp: PnP ACPI init
[   .009253] pnp: PnP ACPI: found 3 devices

[    1.070932] clocksource: acpi_pm: mak: 0xffffff max_cycles: 0xffffff, max_idlens: 0870024 ns
[   .22972]NE: Registered protocol famil 2

[    1.384976] TCP establish hh abe ntie: 92(oder: 4, 65536 bytes)

[    1.706687] TCP bind hash table entries: 8192 (order: 5, 131072 bytes)
[    1.709997] TCP: Hash tables configured (established 8192 bind 8192)
[    1.711539] UDP hash table entries: 512 (order: 2, 16384 bytes)
[    1.712953] UDP-Lite hash table entries: 512 (order: 2, 16384 bytes)
[    1.714774] NET: Registered protocol family 1
[    1.716278] pci 0000:00:00.0: Limiting direct PCI/PCI transfers
[    1.717967] pci 0000:00:01.0: Activating ISA DMA hang workarounds
[    1.719580] pci 0000:00:02.0: Video device with shadowed ROM at [mem 0x000c0000-0x000dffff
[    1.745465] Unpacking initramfs...

[    2.076550] Freeing initrd memory: 19696K
[    2.101320] clocksource: tsc: mask: 0xffffffffffffffff max_cycles: 0x172daa3a18b, max_idle_ns: 440795212390 ns
[    2.151517] platform rtc_cmos: registered platform RTC device (no PNP device found)
[    2.154005] Scanning for low memory corruption every 60 seconds
[    2.157016] Initialise system trusted keyrings
[    2.170207] Key type blacklist registered
[    2.171995] workingset: timestamp_bits=36 max_order=18 bucket_order=0
[    2.174917] zbud: loaded
[    2.176449] squashfs: version 4.0 (2009/01/31) Phillip Lougher
[    2.185042] fuse init (API version 7.26)
[    2.191176] Key type asymmetric registered
[    2.201090] Asymmetric key parser 'x509' registered
[    2.203624] Block layer SCSI generic (bsg) driver version 0.4 loaded (major 246)
[    2.207991] io scheduler noop registered
[    2.210029] io scheduler deadline registered
[    2.212437] io scheduler cfq registered (default)
[    2.215719] ACPI: AC Adapter [AC] (on-line)
[    2.218284] input: Power Button as /devices/LNXSYSTM:00/LNXPWRBN:00/input/input0
[    2.222291] ACPI: Power Button [PWRF]
[    2.230837] input: Sleep Button as /devices/LNXSYSTM:00/LNXSLPBN:00/input/input1
[    2.244751] ACPI: Sleep Button [SLPF]
[    2.250051] ACPI: Battery Slot [BAT0] (battery present)
[    2.253004] Serial: 8250/16550 driver, 32 ports, IRQ sharing enabled
[    2.283693] 00:02: ttyS0 at I/O 0x3f8 (irq = 4, base_baud = 115200) is a 16550A
[    2.401207] Linux agpgart interface v0.103
[    2.507773] loop: module loaded
[    2.595183] scsi host0: ata_piix
[    2.596479] scsi host1: ata_piix
[    2.664614] ata1: PATA max UDMA/33 cmd 0x1f0 ctl 0x3f6 bmdma 0xd000 irq 14
[    2.814747] ata2: PATA max UDMA/33 cmd 0x170 ctl 0x376 bmdma 0xd008 irq 15
[    2.990856] libphy: Fixed MDIO Bus: probed
[    2.992436] tun: Universal TUN/TAP device driver, 1.6
[    3.014961] PPP generic driver version 2.4.2
[    3.016113] ehci_hcd: USB 2.0 'Enhanced' Host Controller (EHCI) Driver
[    3.017839] ehci-pci: EHCI PCI platform driver
[    3.019035] ehci-platform: EHCI generic platform driver
[    3.064996] ohci_hcd: USB 1.1 'Open' Host Controller (OHCI) Driver
[    3.135114] ohci-pci: OHCI PCI platform driver
[    3.144969] ohci-platform: OHCI generic platform driver
[    3.146304] uhci_hcd: USB Universal Host Controller Interface driver
[    3.164466] i8042: PNP: PS/2 Controller [PNP0303:PS2K,PNP0f03:PS2M] at 0x60,0x64 irq 1,12
[    3.199520] serio: i8042 KBD port at 0x60,0x64 irq 1
[    3.270174] serio: i8042 AUX port at 0x60,0x64 irq 12
[    3.292581] mousedev: PS/2 mouse device common for all mice
[    3.294254] input: AT Translated Set 2 keyboard as /devices/platform/i8042/serio0/input/input2
[    3.297092] rtc_cmos rtc_cmos: rtc core: registered rtc_cmos as rtc0
[    3.298969] rtc_cmos rtc_cmos: alarms up to one day, 114 bytes nvram
[    3.300914] i2c /dev entries driver
[    3.301822] device-mapper: uevent: version 1.0.3
[    3.303174] device-mapper: ioctl: 4.37.0-ioctl (2017-09-20) initialised: dm-devel@redhat.com
[    3.321282] ledtrig-cpu: registered to indicate activity on CPUs
[    3.326162] NET: Registered protocol family 10
[    3.336312] Segment Routing with IPv6
[    3.338248] NET: Registered protocol family 17
[    3.346048] Key type dns_resolver registered
[    3.348383] mce: Using 0 MCE banks
[    3.357020] RAS: Correctable Errors collector initialized.
[    3.361423] sched_clock: Marking stable (3361310782, 0)->(10467960293, -7106649511)
[    3.372005] registered taskstats version 1
[    3.373801] Loading compiled-in X.509 certificates
[    3.381098] Loaded X.509 cert 'Build time autogenerated kernel key: 3a65b6a3c8b5d6b297d77c25be9161529933bc49'
[    3.400944] zswap: loaded using pool lzo/zbud
[    3.429319] Key type big_key registered
[    3.460246] Key type trusted registered
[    3.503179] Key type encrypted registered
[    3.518149] AppArmor: AppArmor sha1 policy hashing enabled
[    3.575666] ima: No TPM chip found, activating TPM-bypass! (rc=-19)
[    3.578676] ima: Allocated hash algorithm: sha1
[    3.602107] evm: HMAC attrs: 0x1
[    3.621747]   Magic number: 11:51:321
[    3.622788] tty tty46: hash matches
[    3.623830] pci 0000:00:02.0: hash matches
[    3.626511] rtc_cmos rtc_cmos: setting system clock to 2019-11-12 08:19:20 UTC (1573546760)
[    3.628512] BIOS EDD facility v0.16 2004-Jun-25, 0 devices found
[    3.685919] EDD information not available.
[    3.697812] Freeing unused kernel image memory: 2436K
[    3.734588] Write protecting the kernel read-only data: 20480k
[    4.260365] Freeing unused kernel image memory: 2008K
[    4.736949] Freeing unused kernel image memory: 1888K
[    5.309766] x86/mm: Checked W+X mappings: passed, no W+X pages found.
[    5.713090] x86/mm: Checking user space page tables
[    6.555460] x86/mm: Checked W+X mappings: passed, no W+X pages found.
Loading, please wait...
starting version 237
[    8.279957] e1000: Intel(R) PRO/1000 Network Driver - version 7.3.21-k8-NAPI
[    8.282098] e1000: Copyright (c) 1999-2006 Intel Corporation.
[    8.288972] Fusion MPT base driver 3.04.20
[    8.292764] Copyright (c) 1999-2008 LSI Corporation
[    8.302910] vboxvideo: loading out-of-tree module taints kernel.
[    8.304891] vboxvideo: module verification failed: signature and/or required key missing - tainting kernel
[    8.319545] Fusion MPT SPI Host driver 3.04.20
[    8.337158] AVX2 version of gcm_enc/dec engaged.
[    8.338603] AES CTR mode by8 optimization enabled
[    8.505401] input: ImExPS/2 Generic Explorer Mouse as /devices/platform/i8042/serio1/input/input4
[    8.691749] e1000 0000:00:03.0 eth0: (PCI:33MHz:32-bit) 02:82:7a:7b:51:94
[    8.820685] e1000 0000:00:03.0 eth0: Intel(R) PRO/1000 Network Connection
[    8.872009] [drm] VRAM 01000000
[    8.873248] [TTM] Zone  kernel: Available graphics memory: 504474 kiB
[    8.874706] [TTM] Initializing pool allocator
[    8.875856] [TTM] Initializing DMA pool allocator
[    8.878728] fbcon: vboxdrmfb (fb0) is primary device
[    8.882124] Console: switching to colour frame buffer device 100x37
[    8.885290] vboxvideo 0000:00:02.0: fb0: vboxdrmfb frame buffer device
[    8.896456] [drm] Initialized vboxvideo 1.0.0 20130823 for 0000:00:02.0 on minor 0
[    8.907583] mptbase: ioc0: Initiating bringup
[    9.045333] ioc0: LSI53C1030 A0: Capabilities={Initiator}
[    9.528624] scsi host2: ioc0: LSI53C1030 A0, FwRev=00000000h, Ports=1, MaxQ=256, IRQ=20
[    9.946232] scsi 2:0:0:0: Direct-Access     VBOX     HARDDISK         1.0  PQ: 0 ANSI: 5
[   10.100096] scsi target2:0:0: Beginning Domain Validation
[   10.104203] scsi target2:0:0: Domain Validation skipping write tests
[   10.105447] scsi target2:0:0: Ending Domain Validation
[   10.106554] scsi target2:0:0: asynchronous
[   10.108236] random: fast init done
[   10.164783] scsi 2:0:1:0: Direct-Access     VBOX     HARDDISK         1.0  PQ: 0 ANSI: 5
[   10.391939] scsi target2:0:1: Beginning Domain Validation
[   10.413790] scsi target2:0:1: Domain Validation skipping write tests
[   10.415615] scsi target2:0:1: Ending Domain Validation
[   10.417219] scsi target2:0:1: asynchronous
[   10.422658] random: systemd-udevd: uninitialized urandom read (16 bytes read)
[   10.524899] e1000 0000:00:08.0 eth1: (PCI:33MHz:32-bit) 08:00:27:cf:2f:b9
[   10.528611] random: systemd-udevd: uninitialized urandom read (16 bytes read)
[   10.531988] e1000 0000:00:08.0 eth1: Intel(R) PRO/1000 Network Connection
[   10.533562] random: systemd-udevd: uninitialized urandom read (16 bytes read)
[   10.538227] e1000 0000:00:08.0 enp0s8: renamed from eth1
[   10.538406] sd 2:0:0:0: Attached scsi generic sg0 type 0
[   10.541425] sd 2:0:1:0: Attached scsi generic sg1 type 0
[   10.542729] sd 2:0:0:0: [sda] 20971520 512-byte logical blocks: (10.7 GB/10.0 GiB)
[   10.544562] sd 2:0:0:0: [sda] Write Protect is off
[   10.546044] sd 2:0:0:0: [sda] Incomplete mode parameter data
[   10.547576] sd 2:0:0:0: [sda] Assuming drive cache: write through
[   10.549643] sd 2:0:1:0: [sdb] 20480 512-byte logical blocks: (10.5 MB/10.0 MiB)
[   10.551650] sd 2:0:1:0: [sdb] Write Protect is off
[   10.552929] e1000 0000:00:03.0 enp0s3: renamed from eth0
[   10.555496] sd 2:0:1:0: [sdb] Incomplete mode parameter data
[   10.557286] sd 2:0:1:0: [sdb] Assuming drive cache: write through
[   10.560261]  sda: sda1
[   10.562741] sd 2:0:0:0: [sda] Attached SCSI disk
[   10.566468] sd 2:0:1:0: [sdb] Attached SCSI disk
Begin: Loading essential drivers ... [   10.754091] raid6: sse2x1   gen() 12589 MB/s
[   10.868532] raid6: sse2x1   xor()  8745 MB/s
[   10.952336] raid6: sse2x2   gen() 14802 MB/s
[   11.040477] raid6: sse2x2   xor()  9697 MB/s
[   11.132109] raid6: sse2x4   gen() 10851 MB/s
[   11.180216] raid6: sse2x4   xor()  4328 MB/s
[   11.244836] raid6: avx2x1   gen() 22971 MB/s
[   11.328122] raid6: avx2x1   xor() 15585 MB/s
[   11.416399] raid6: avx2x2   gen() 26946 MB/s
[   11.512150] raid6: avx2x2   xor() 17354 MB/s
[   11.628234] raid6: avx2x4   gen() 34073 MB/s
[   11.684038] raid6: avx2x4   xor() 16719 MB/s
[   11.691410] raid6: using algorithm avx2x4 gen() 34073 MB/s
[   11.692942] raid6: .... xor() 16719 MB/s, rmw enabled
[   11.694297] raid6: using avx2x2 recovery algorithm
[   11.697486] xor: automatically using best checksumming function   avx       
[   11.718000] async_tx: api initialized (async)
done.
Begin: Running /scripts/init-premount ... done.
Begin: Mounting root file system ... Begin: Running /scripts/local-top ... done.
Begin: Running /scripts/local-premount ... [   11.778796] Btrfs loaded, crc32c=crc32c-intel
Scanning for Btrfs filesystems
done.
Warning: fsck not present, so skipping root file system
[   11.828351] EXT4-fs (sda1): mounted filesystem with ordered data mode. Opts: (null)
done.
Begin: Running /scripts/local-bottom ... done.
Begin: Running /scripts/init-bottom ... done.
[   12.073688] ip_tables: (C) 2000-2006 Netfilter Core Team
[   12.226417] systemd[1]: systemd 237 running in system mode. (+PAM +AUDIT +SELINUX +IMA +APPARMOR +SMACK +SYSVINIT +UTMP +LIBCRYPTSETUP +GCRYPT +GNUTLS +ACL +XZ +LZ4 +SECCOMP +BLKID +ELFUTILS +KMOD -IDN2 +IDN -PCRE2 default-hierarchy=hybrid)
[   12.232294] systemd[1]: Detected virtualization oracle.
[   12.233727] systemd[1]: Detected architecture x86-64.

Welcome to [1mUbuntu 18.04.3 LTS[0m!

[   12.261445] systemd[1]: Set hostname to <ubuntu-bionic>.
[   12.629539] systemd[1]: Reached target User and Group Name Lookups.
[[0;32m  OK  [0m] Reached target User and Group Name Lookups.
[   12.632867] systemd[1]: Started Forward Password Requests to Wall Directory Watch.
[[0;32m  OK  [0m] Started Forward Password Requests to Wall Directory Watch.
[   12.636906] systemd[1]: Set up automount Arbitrary Executable File Formats File System Automount Point.
[[0;32m  OK  [0m] Set up automount Arbitrary Executab…rmats File System Automount Point.
[   12.641265] systemd[1]: Reached target System Time Synchronized.
[[0;32m  OK  [0m] Reached target System Time Synchronized.
[   12.646520] systemd[1]: Created slice User and Session Slice.
[[0;32m  OK  [0m] Created slice User and Session Slice.
[   12.800444] systemd[1]: Reached target Swap.
[[0;32m  OK  [0m] Reached target Swap.
[[0;32m  OK  [0m] Created slice System Slice.
[[0;32m  OK  [0m] Listening on Journal Audit Socket.
[[0;32m  OK  [0m] Listening on LVM2 poll daemon socket.
[[0;32m  OK  [0m] Listening on LVM2 metadata daemon socket.
[[0;32m  OK  [0m] Created slice system-serial\x2dgetty.slice.
[[0;32m  OK  [0m] Listening on Journal Socket.
         Starting Uncomplicated firewall...
         Starting Create list of required st…ce nodes for the current kernel...
         Starting Remount Root and Kernel File Systems...
         Starting Set the console keyboar[   13.147107] EXT4-fs (sda1): re-mounted. Opts: (null)
d layout...
         Starting Load Kernel Modules...
[[0;32m  OK  [0m] Listening on Journal Socket (/dev/log).
         [   13.438606] Loading iSCSI transport class v2.0-870.
Mounting Huge Pa[   13.474206] iscsi: registered transport (tcp)
ges File System...
[[0;32m  OK  [0m] Listening on /dev/initctl Com[   13.568668] iscsi: registered transport (iser)
patibility Named Pipe.
[[0;32m  OK  [0m] Reached target Slices.
[[0;32m  OK  [0m] Listening on Syslog Socket.
         Starting Journal Service...
[[0;32m  OK  [0m] Listening on udev Control Socket.
         Mounting POSIX Message Queue File System...
[[0;32m  OK  [0m] Listening on Network Service Netlink Socket.
[[0;32m  OK  [0m] Listening on udev Kernel Socket.
         Starting udev Coldplug all Devices...
         Mounting Kernel Debug File System...
[[0;32m  OK  [0m] Listening on Device-mapper event daemon FIFOs.
         Starting Monitoring of LVM2 mirrors…ng dmeventd or progress polling...
[[0;32m  OK  [0m] Started Uncomplicated firewall.
[[0;32m  OK  [0m] Started Create list of required sta…vice nodes for the current kernel.
[[0;32m  OK  [0m] Started Remount Root and Kernel File Systems.
[[0;32m  OK  [0m] Started Journal Service.
[[0;32m  OK  [0m] Started Set the console keyboard layout.
[[0;32m  OK  [0m] Started Load Kernel Modules.
[[0;32m  OK  [0m] Mounted Huge Pages File System.
[[0;32m  OK  [0m] Mounted POSIX Message Queue File System.
[[0;32m  OK  [0m] Mounted Kernel Debug File System.
[[0;32m  OK  [0m] Started LVM2 metadata daemon.
         Mounting FUSE Control File System...
         Starting Apply Kernel Variables...
         Mounting Kernel Configuration File System...
         Starting Flush Journal to Persistent Storage...
         Starting Load/Save Random Seed...
         Starting Create Static Device Nodes in /dev...
[[0;32m  OK  [0m] Started Monitoring of LVM2 mirrors,…sing dmeventd or progress polling.
[[0;32m  OK  [0m] Started udev Coldplug all Devices.
[[0;32m  OK  [0m] Mounted FUSE Control File System.
[[0;32m  OK  [0m] Started Apply Kernel Variables.
[[0;32m  OK  [0m] Mounted Kernel Configuration File System.
[[0;32m  OK  [0m] Started Load/Save Random Seed.
[[0;32m  OK  [0m] Started Create Static Device Nodes in /dev.
         Starting udev Kernel Device Manager...
[[0;32m  OK  [0m] Reached target Local File Systems (Pre).
[[0;32m  OK  [0m] Reached target Local File Systems.
         Starting Tell Plymouth To Write Out Runtime Data...
         Starting AppArmor initialization...
         Starting Set console font and keymap...
         Starting ebtables ruleset management...
[[0;32m  OK  [0m] Started udev Kernel Device Manager.
[[0;32m  OK  [0m] Started Tell Plymouth To Write Out Runtime Data.
[[0;32m  OK  [0m] Started Dispatch Password Requests to Console Directory Watch.
[[0;32m  OK  [0m] Reached target Local Encrypted Volumes.
[[0;32m  OK  [0m] Started Set console font and keymap.
[[0;32m  OK  [0m] Started ebtables ruleset management.
[[0;32m  OK  [0m] Started Flush Journal to Persistent Storage.
         Starting Create Volatile Files and Directories...
[[0;32m  OK  [0m] Started Create Volatile Files and Directories.
         Starting Update UTMP about System Boot/Shutdown...
[[0;32m  OK  [0m] Found device /dev/ttyS0.
[[0;32m  OK  [0m] Started Update UTMP about System Boot/Shutdown.
[[0;32m  OK  [0m] Listening on Load/Save RF Kill Switch Status /dev/rfkill Watch.
[[0;32m  OK  [0m] Started AppArmor initialization.
         Starting Initial cloud-init job (pre-networking)...
[   16.460086] cloud-init[541]: Cloud-init v. 19.2-36-g059d049c-0ubuntu1~18.04.1 running 'init-local' at Tue, 12 Nov 2019 08:19:33 +0000. Up 16.18 seconds.
[[0;32m  OK  [0m] Started Initial cloud-init job (pre-networking).
[[0;32m  OK  [0m] Reached target Network (Pre).
         Starting Network Service...
[[0;32m  OK  [0m] Started Network Service.
         Starting Network Name Resolution...
         Starting Wait for Network to be Configured...
[[0;32m  OK  [0m] Started Network Name Resolution.
[[0;32m  OK  [0m] Reached target Host and Network Name Lookups.
[[0;32m  OK  [0m] Reached target Network.
[[0;32m  OK  [0m] Started Wait for Network to be Configured.
         Starting Initial cloud-init job (metadata service crawler)...
[   18.983195] cloud-init[709]: Cloud-init v. 19.2-36-g059d049c-0ubuntu1~18.04.1 running 'init' at Tue, 12 Nov 2019 08:19:35 +0000. Up 18.83 seconds.
[   18.986133] cloud-init[709]: ci-info: ++++++++++++++++++++++++++++++++++++++Net device info+++++++++++++++++++++++++++++++++++++++
[   18.993958] cloud-init[709]: ci-info: +--------+------+-----------------------------+---------------+--------+-------------------+
[   19.019024] cloud-init[709]: ci-info: | Device |  Up  |           Address           |      Mask     | Scope  |     Hw-Address    |
[   19.025653] cloud-init[709]: ci-info: +--------+------+-----------------------------+---------------+--------+-------------------+
[   19.043803] cloud-init[709]: ci-info: | enp0s3 | True |          10.0.2.15          | 255.255.255.0 | global | 02:82:7a:7b:51:94 |
[   19.084271] cloud-init[709]: ci-info: | enp0s3 | True |  fe80::82:7aff:fe7b:5194/64 |       .       |  link  | 02:82:7a:7b:51:94 |
[   19.107452] cloud-init[709]: ci-info: | enp0s8 | True |        192.168.33.10        | 255.255.255.0 | global | 08:00:27:cf:2f:b9 |
[   19.111251] cloud-init[709]: ci-info: | enp0s8 | True | fe80::a00:27ff:fecf:2fb9/64 |       .       |  link  | 08:00:27:cf:2f:b9 |
[   19.138396] cloud-init[709]: ci-info: |   lo   | True |          127.0.0.1          |   255.0.0.0   |  host  |         .         |
[   19.141774] cloud-init[709]: ci-info: |   lo   | True |           ::1/128           |       .       |  host  |         .         |
[   19.144969] cloud-init[709]: ci-info: +--------+------+-----------------------------+---------------+--------+-------------------+
[   19.165338] cloud-init[709]: ci-info: +++++++++++++++++++++++++++++Route IPv4 info+++++++++++++++++++++++++++++
[   19.175844] cloud-init[709]: ci-info: +-------+--------------+----------+-----------------+-----------+-------+
[   19.184573] cloud-init[709]: ci-info: | Route | Destination  | Gateway  |     Genmask     | Interface | Flags |
[   19.196132] cloud-init[709]: ci-info: +-------+--------------+----------+-----------------+-----------+-------+
[   19.202613] cloud-init[709]: ci-info: |   0   |   0.0.0.0    | 10.0.2.2 |     0.0.0.0     |   enp0s3  |   UG  |
[   19.209346] cloud-init[709]: ci-info: |   1   |   10.0.2.0   | 0.0.0.0  |  255.255.255.0  |   enp0s3  |   U   |
[   19.232501] cloud-init[709]: ci-info: |   2   |   10.0.2.2   | 0.0.0.0  | 255.255.255.255 |   enp0s3  |   UH  |
[[   19.316931] cloud-init[709]: ci-info: |   3   | 192.168.33.0 | 0.0.0.0  |  255.255.255.0  |   enp0s8  |   U   |
[   19.317522] cloud-init[709]: ci-info: +-------+--------------+----------+-----------------+-----------+-------+
[   19.318166] cloud-init[709]: ci-info: +++++++++++++++++++Route IPv6 info+++++++++++++++++++
[   19.318487] cloud-init[709]: ci-info: +-------+-------------+---------+-----------+-------+
[   19.318870] cloud-init[709]: ci-info: | Route | Destination | Gateway | Interface | Flags |
[   19.319330] cloud-init[709]: ci-info: +-------+-------------+---------+-----------+-------+
[   19.319728] cloud-init[709]: ci-info: |   1   |  fe80::/64  |    ::   |   enp0s8  |   U   |
[   19.320454] cloud-init[709]: ci-info: |   2   |  fe80::/64  |    ::   |   enp0s3  |   U   |
[   19.320750] cloud-init[709]: ci-info: |   4   |    local    |    ::   |   enp0s3  |   U   |
[   19.321095] cloud-init[709]: ci-info: |   5   |    local    |    ::   |   enp0s8  |   U   |
[   19.321399] cloud-init[709]: ci-info: |   6   |   ff00::/8  |    ::   |   enp0s8  |   U   |
[   19.321726] cloud-init[709]: ci-info: |   7   |   ff00::/8  |    ::   |   enp0s3  |   U   |
[   19.322065] cloud-init[709]: ci-info: +-------+-------------+---------+-----------+-------+
[0;32m  OK  [0m] Started Initial cloud-init job (metadata service crawler).
[[0;32m  OK  [0m] Reached target Network is Online.
[[0;32m  OK  [0m] Reached target Remote File Systems (Pre).
[[0;32m  OK  [0m] Reached target Remote File Systems.
         Starting Availability of block devices...
[[0;32m  OK  [0m] Reached target Cloud-config availability.
[[0;32m  OK  [0m] Reached target System Initialization.
[[0;32m  OK  [0m] Listening on ACPID Listen Socket.
[[0;32m  OK  [0m] Started ACPI Events Check.
[[0;32m  OK  [0m] Listening on D-Bus System Message Bus Socket.
[[0;32m  OK  [0m] Reached target Paths.
         Starting Socket activation for snappy daemon.
[[0;32m  OK  [0m] Started Daily Cleanup of Temporary Directories.
[[0;32m  OK  [0m] Started Message of the Day.
[[0;32m  OK  [0m] Listening on UUID daemon activation socket.
[[0;32m  OK  [0m] Started Daily apt download activities.
[[0;32m  OK  [0m] Started Daily apt upgrade and clean activities.
[[0;32m  OK  [0m] Listening on Open-iSCSI iscsid Socket.
         Starting LXD - unix socket.
[[0;32m  OK  [0m] Started Discard unused blocks once a week.
[[0;32m  OK  [0m] Reached target Timers.
[[0;32m  OK  [0m] Started Availability of block devices.
[[0;32m  OK  [0m] Listening on Socket activation for snappy daemon.
[[0;32m  OK  [0m] Listening on LXD - unix socket.
[[0;32m  OK  [0m] Reached target Sockets.
[[0;32m  OK  [0m] Reached target Basic System.
         Starting LSB: Record successful boot for GRUB...
[[0;32m  OK  [0m] Started Regular background program processing daemon.
         Starting vboxadd.service...
         Starting LXD - container startup/shutdown...
[[0;32m  OK  [0m] Started Deferred execution scheduler.
         Starting Message of the Day...
         Starting Permit User Sessions...
         Starting Accounts Service...
         Starting System Logging Service...
[[0;32m  OK  [0m] Started FUSE filesystem for LXC.
         Starting Dispatcher daemon for systemd-networkd...
[[0;32m  OK  [0m] Started irqbalance daemon.
         Starting Snappy daemon...
         Starting LSB: automatic crash report generation...
[[0;32m  OK  [0m] Started D-Bus System Message Bus.
         Starting OpenBSD Secure Shell server...
         Starting Login Service...
[[0;32m  OK  [0m] Started System Logging Service.
[[0;32m  OK  [0m] Started LXD - container startup/shutdown.
[[0;32m  OK  [0m] Started Permit User Sessions.
[[0;32m  OK  [0m] Started Login Service.
[[0;32m  OK  [0m] Started Unattended Upgrades Shutdown.
         Starting Authorization Manager...
         Starting Hold until boot process finishes up...
         Starting Terminate Plymouth Boot Screen...
[[0;32m  OK  [0m] Started Hold until boot process finishes up.
[[0;32m  OK  [0m] Started Serial Getty on ttyS0.
         Starting Set console scheme...
[[0;32m  OK  [0m] Started Terminate Plymouth Boot Screen.
[[0;32m  OK  [0m] Started Set console scheme.
[[0;32m  OK  [0m] Created slice system-getty.slice.
[[0;32m  OK  [0m] Started Getty on tty1.
[[0;32m  OK  [0m] Reached target Login Prompts.
[[0;32m  OK  [0m] Started Authorization Manager.
[[0;32m  OK  [0m] Started Accounts Service.
[[0;32m  OK  [0m] Started LSB: automatic crash report generation.
[[0;32m  OK  [0m] Started LSB: Record successful boot for GRUB.
[[0;32m  OK  [0m] Started OpenBSD Secure Shell server.
[[0;32m  OK  [0m] Started Dispatcher daemon for systemd-networkd.
[[0;32m  OK  [0m] Started vboxadd.service.
         Starting vboxadd-service.service...
[[0;32m  OK  [0m] Started Snappy daemon.
[[0;32m  OK  [0m] Started vboxadd-service.service.
         Starting Wait until snapd is fully seeded...
[[0;32m  OK  [0m] Created slice User Slice of vagrant.
[[0;32m  OK  [0m] Started Wait until snapd is fully seeded.
         Starting User Manager for UID 1000...
         Starting Apply the settings specified in cloud-config...
[[0;32m  OK  [0m] Reached target Multi-User System.
[[0;32m  OK  [0m] Reached target Graphical Interface.
         Starting Update UTMP about System Runlevel Changes...
[[0;32m  OK  [0m] Started User Manager for UID 1000.
[[0;32m  OK  [0m] Started Session 1 of user vagrant.
[[0;32m  OK  [0m] Started Update UTMP about System Runlevel Changes.
[   22.452264] cloud-init[1290]: Cloud-init v. 19.2-36-g059d049c-0ubuntu1~18.04.1 running 'modules:config' at Tue, 12 Nov 2019 08:19:39 +0000. Up 22.21 seconds.
[[0;32m  OK  [0m] Started Apply the settings specified in cloud-config.
         Starting Execute cloud user/final scripts...
[[0;32m  OK  [0m] Started Message of the Day.
[   23.230100] cloud-init[1375]: Cloud-init v. 19.2-36-g059d049c-0ubuntu1~18.04.1 running 'modules:final' at Tue, 12 Nov 2019 08:19:39 +0000. Up 23.06 seconds.
[   23.233822] cloud-init[1375]: Cloud-init v. 19.2-36-g059d049c-0ubuntu1~18.04.1 finished at Tue, 12 Nov 2019 08:19:40 +0000. Datasource DataSourceNoCloud [seed=/dev/sdb][dsmode=net].  Up 23.21 seconds
[[0;32m  OK  [0m] Started Execute cloud user/final scripts.
[[0;32m  OK  [0m] Reached target Cloud-init target.
         Starting Daily apt download activities...

Ubuntu 18.04.3 LTS ubuntu-bionic ttyS0

ubuntu-bionic login:          Stopping LSB: automatic crash report generation...
[[0;32m  OK  [0m] Stopped LSB: automatic crash report generation.
         Starting LSB: automatic crash report generation...
[[0;32m  OK  [0m] Started LSB: automatic crash report generation.
[[0;32m  OK  [0m] Created slice User Slice of vagrant.
         Starting User Manager for UID 1000...
[[0;32m  OK  [0m] Started Session 3 of user vagrant.
[[0;32m  OK  [0m] Started User Manager for UID 1000.
[[0;32m  OK  [0m] Started Daily apt upgrade and clean activities.
[[0;32m  OK  [0m] Stopped target Host and Network Name Lookups.
[[0;32m  OK  [0m] Stopped target Cloud-init target.
         Stopping Availability of block devices...
         Ste         Stopping LXD - container startup/shutdown...
         Stopping LSB: Record successful boot for GRUB...
         Stopping vboxadd-service.service...
         Stopping LSB: automatic crash report generation...
         Stopping Accounts Service...
         Stopping System Logging Service...
         Stopping Authorization Manager...
[[0;32m  OK  [0m] Stopped target Cloud-config availability.
[[0;32m  OK  [0m] Stopped Wait until snapd is fully seeded.
         Stopping Deferred execution scheduler...
         Stopping irqbalance daemon...
[[0;32m  OK  [0m] Unmounted /var/lib/lxcfs.
[[0;32m  OK  [0m] Stopped Regular background program processing daemon.
[[0;32m  OK  [0m] Stopped Deferred execution scheduler.
[[0;32m  OK  [0m] Stopped Accounts Service.
[[0;32m  OK  [0m] Stopped System Logging Service.
[[0;32m  OK  [0m] Stopped Dispatcher daemon for systemd-networkd.
[[0;32m  OK  [0m] Stopped irqbalance daemon.
[[0;32m  OK  [0m] Stopped Unattended Upgrades Shutdown.
[[0;32m  OK  [0m] Stopped Authorization Manager.
[[0;32m  OK  [0m] Stopped Serial Getty on ttyS0.
[[0;32m  OK  [0m] Stopped Getty on tty1.
[[0;32m  OK  [0m] Stopped OpenBSD Secure Shell server.
[[0;32m  OK  [0m] Stopped User Manager for UID 1000.
[[0;32m  OK  [0m] Stopped Availability of block devices.
[[0;32m  OK  [0m] Stopped D-Bus System Message Bus.
[[0;32m  OK  [0m] Stopped vboxadd-service.service.
[[0;32m  OK  [0m] Stopped FUSE filesystem for LXC.
[[0;32m  OK  [0m] Stopped Session 11 of user vagrant.
[[0;32m  OK  [0m] Stopped LXD - container startup/shutdown.
[[0;32m  OK  [0m] Stopped LSB: Record successful boot for GRUB.
         Stopping vboxadd.service...
[[0;32m  OK  [0m] Removed slice User Slice of vagrant.
[[0;32m  OK  [0m] Removed slice system-getty.slice.
         Stopping Permit User Sessions...
[[0;32m  OK  [0m] Removed slice system-serial\x2dgetty.slice.
         Stopping Login Service...
[[0;32m  OK  [0m] Unmounted /vagrant.
[[0;32m  OK  [0m] Stopped LSB: automatic crash report generation.
[[0;32m  OK  [0m] Stopped vboxadd.service.
[[0;32m  OK  [0m] Stopped Permit User Sessions.
[[0;32m  OK  [0m] Stopped Login Service.
[[0;32m  OK  [0m] Stopped target Network.
         Stopping Network Name Resolution...
[[0;32m  OK  [0m] Stopped target User and Group Name Lookups.
[[0;32m  OK  [0m] Stopped target Basic System.
[[0;32m  OK  [0m] Stopped target Paths.
[[0;32m  OK  [0m] Stopped ACPI Events Check.
[[0;32m  OK  [0m] Stopped target Slices.
[[0;32m  OK  [0m] Removed slice User and Session Slice.
[[0;32m  OK  [0m] Stopped target Sockets.
[[0;32m  OK  [0m] Closed Syslog Socket.
[[0;32m  OK  [0m] Closed Open-iSCSI iscsid Socket.
[[0;32m  OK  [0m] Closed D-Bus System Message Bus Socket.
[[0;32m  OK  [0m] Closed ACPID Listen Socket.
[[0;32m  OK  [0m] Closed UUID daemon activation socket.
[[0;32m  OK  [0m] Closed Socket activation for snappy daemon.
[[0;32m  OK  [0m] Closed LXD - unix socket.
[[0;32m  OK  [0m] Stopped target System Initialization.
         Stopping Update UTMP about System Boot/Shutdown...
[[0;32m  OK  [0m] Stopped target Local Encrypted Volumes.
[[0;32m  OK  [0m] Stopped Dispatch Password Requests to Console Directory Watch.
[[0;32m  OK  [0m] Stopped Forward Password Requests to Wall Directory Watch.
         Stopping Load/Save Random Seed...
[[0;32m  OK  [0m] Stopped Initial cloud-init job (metadata service crawler).
[[0;32m  OK  [0m] Stopped target Remote File Systems.
[[0;32m  OK  [0m] Stopped target Remote File Systems (Pre).
[[0;32m  OK  [0m] Stopped Network Name Resolution.
[[0;32m  OK  [0m] Stopped Load/Save Random Seed.
         Stopping Network Service...
[[0;32m  OK  [0m] Stopped Update UTMP about System Boot/Shutdown.
[[0;32m  OK  [0m] Stopped Network Service.
[[0;32m  OK  [0m] Stopped Apply Kernel Variables.
[[0;32m  OK  [0m] Stopped Load Kernel Modules.
[[0;32m  OK  [0m] Stopped target Network (Pre).
[[0;32m  OK  [0m] Stopped Initial cloud-init job (pre-networking).
[[0;32m  OK  [0m] Stopped Create Volatile Files and Directories.
[[0;32m  OK  [0m] Stopped target Local File Systems.
         Unmounting /run/user/1000...
[[0;32m  OK  [0m] Unmounted /run/user/1000.
[[0;32m  OK  [0m] Reached target Unmount All Filesystems.
[[0;32m  OK  [0m] Stopped target Swap.
[[0;32m  OK  [0m] Stopped target Local File Systems (Pre).
[[0;32m  OK  [0m] Stopped Create Static Device Nodes in /dev.
         Stopping Monitoring of LVM2 mirrors…ng dmeventd or progress polling...
[[0;32m  OK  [0m] Stopped Remount Root and Kernel File Systems.
[[0;32m  OK  [0m] Reached target Shutdown.
[[0;32m  OK  [0m] Reached target Final Step.
         Starting Power-Off...
[[0;32m  OK  [0m] Stopped Monitoring of LVM2 mirrors,…sing dmeventd or progress polling.
         Stopping LVM2 metadata daemon...
[[0;32m  OK  [0m] Stopped LVM2 metadata daemon.
[17582.955102] reboot: Power down
